<?xml version="1.0" encoding="UTF-8"?>
<testsuite xmlns:xsi="http://www.w3.org/2001/XMLSchema-instance" xsi:noNamespaceSchemaLocation="https://maven.apache.org/surefire/maven-surefire-plugin/xsd/surefire-test-report.xsd" version="3.0.2" name="pe.edu.upc.demopillcontrol.DemoPillControlApplicationTests" time="41.814" tests="1" errors="0" skipped="0" failures="0">
  <properties>
[...]
</properties>
  <testcase name="contextLoads" classname="pe.edu.upc.demopillcontrol.DemoPillControlApplicationTests" time="1.251">
    <system-out><![CDATA[11:08:14.894 [main] INFO org.springframework.test.context.support.AnnotationConfigContextLoaderUtils -- Could not detect default configuration classes for test class [pe.edu.upc.demopillcontrol.DemoPillControlApplicationTests]: DemoPillControlApplicationTests does not declare any static, non-private, non-final, nested classes annotated with @Configuration.
11:08:15.209 [main] INFO org.springframework.boot.test.context.SpringBootTestContextBootstrapper -- Found @SpringBootConfiguration pe.edu.upc.demopillcontrol.DemoPillControlApplication for test class pe.edu.upc.demopillcontrol.DemoPillControlApplicationTests
11:08:15.703 [main] INFO org.springframework.boot.devtools.restart.RestartApplicationListener -- Restart disabled due to context in which it is running

  .   ____          _            __ _ _
 /\\ / ___'_ __ _ _(_)_ __  __ _ \ \ \ \
( ( )\___ | '_ | '_| | '_ \/ _` | \ \ \ \
 \\/  ___)| |_)| | | | | || (_| |  ) ) ) )
  '  |____| .__|_| |_|_| |_\__, | / / / /
 =========|_|==============|___/=/_/_/_/

 :: Spring Boot ::                (v3.4.4)

2025-04-30T11:08:16.714-05:00  INFO 20344 --- [demoPillControl] [           main] p.e.u.d.DemoPillControlApplicationTests  : Starting DemoPillControlApplicationTests using Java 23.0.2 with PID 20344 (started by plzan in D:\A-uni\2025-01\arqui web\PillControl\PillControl_BackEnd)
2025-04-30T11:08:16.720-05:00  INFO 20344 --- [demoPillControl] [           main] p.e.u.d.DemoPillControlApplicationTests  : No active profile set, falling back to 1 default profile: "default"
2025-04-30T11:08:19.415-05:00  INFO 20344 --- [demoPillControl] [           main] .s.d.r.c.RepositoryConfigurationDelegate : Bootstrapping Spring Data JPA repositories in DEFAULT mode.
2025-04-30T11:08:19.691-05:00  INFO 20344 --- [demoPillControl] [           main] .s.d.r.c.RepositoryConfigurationDelegate : Finished Spring Data repository scanning in 240 ms. Found 13 JPA repository interfaces.
2025-04-30T11:08:21.615-05:00  INFO 20344 --- [demoPillControl] [           main] o.hibernate.jpa.internal.util.LogHelper  : HHH000204: Processing PersistenceUnitInfo [name: default]
2025-04-30T11:08:21.825-05:00  INFO 20344 --- [demoPillControl] [           main] org.hibernate.Version                    : HHH000412: Hibernate ORM core version 6.6.11.Final
2025-04-30T11:08:21.972-05:00  INFO 20344 --- [demoPillControl] [           main] o.h.c.internal.RegionFactoryInitiator    : HHH000026: Second-level cache disabled
2025-04-30T11:08:23.064-05:00  INFO 20344 --- [demoPillControl] [           main] o.s.o.j.p.SpringPersistenceUnitInfo      : No LoadTimeWeaver setup: ignoring JPA class transformer
2025-04-30T11:08:23.162-05:00  INFO 20344 --- [demoPillControl] [           main] com.zaxxer.hikari.HikariDataSource       : HikariPool-1 - Starting...
2025-04-30T11:08:25.777-05:00  INFO 20344 --- [demoPillControl] [           main] com.zaxxer.hikari.pool.HikariPool        : HikariPool-1 - Added connection org.postgresql.jdbc.PgConnection@7bbd76b8
2025-04-30T11:08:25.780-05:00  INFO 20344 --- [demoPillControl] [           main] com.zaxxer.hikari.HikariDataSource       : HikariPool-1 - Start completed.
2025-04-30T11:08:26.052-05:00  WARN 20344 --- [demoPillControl] [           main] org.hibernate.orm.deprecation            : HHH90000025: PostgreSQLDialect does not need to be specified explicitly using 'hibernate.dialect' (remove the property setting and it will be selected by default)
2025-04-30T11:08:26.511-05:00  INFO 20344 --- [demoPillControl] [           main] org.hibernate.orm.connections.pooling    : HHH10001005: Database info:
	Database JDBC URL [Connecting through datasource 'HikariDataSource (HikariPool-1)']
	Database driver: undefined/unknown
	Database version: 16.8
	Autocommit mode: undefined/unknown
	Isolation level: undefined/unknown
	Minimum pool size: undefined/unknown
	Maximum pool size: undefined/unknown
2025-04-30T11:08:29.266-05:00  INFO 20344 --- [demoPillControl] [           main] o.h.e.t.j.p.i.JtaPlatformInitiator       : HHH000489: No JTA platform available (set 'hibernate.transaction.jta.platform' to enable JTA platform integration)
2025-04-30T11:08:49.465-05:00  INFO 20344 --- [demoPillControl] [           main] j.LocalContainerEntityManagerFactoryBean : Initialized JPA EntityManagerFactory for persistence unit 'default'
2025-04-30T11:08:50.276-05:00  INFO 20344 --- [demoPillControl] [           main] o.s.d.j.r.query.QueryEnhancerFactory     : Hibernate is in classpath; If applicable, HQL parser will be used.
2025-04-30T11:08:52.249-05:00  WARN 20344 --- [demoPillControl] [           main] JpaBaseConfiguration$JpaWebConfiguration : spring.jpa.open-in-view is enabled by default. Therefore, database queries may be performed during view rendering. Explicitly configure spring.jpa.open-in-view to disable this warning
2025-04-30T11:08:52.828-05:00  WARN 20344 --- [demoPillControl] [           main] r$InitializeUserDetailsManagerConfigurer : Global AuthenticationManager configured with an AuthenticationProvider bean. UserDetailsService beans will not be used by Spring Security for automatically configuring username/password login. Consider removing the AuthenticationProvider bean. Alternatively, consider using the UserDetailsService in a manually instantiated DaoAuthenticationProvider. If the current configuration is intentional, to turn off this warning, increase the logging level of 'org.springframework.security.config.annotation.authentication.configuration.InitializeUserDetailsBeanManagerConfigurer' to ERROR
2025-04-30T11:08:54.368-05:00  INFO 20344 --- [demoPillControl] [           main] o.s.v.b.OptionalValidatorFactoryBean     : Failed to set up a Bean Validation provider: jakarta.validation.NoProviderFoundException: Unable to create a Configuration, because no Jakarta Bean Validation provider could be found. Add a provider like Hibernate Validator (RI) to your classpath.
2025-04-30T11:08:55.003-05:00  INFO 20344 --- [demoPillControl] [           main] p.e.u.d.DemoPillControlApplicationTests  : Started DemoPillControlApplicationTests in 39.343 seconds (process running for 42.431)
]]></system-out>
    <system-err><![CDATA[Mockito is currently self-attaching to enable the inline-mock-maker. This will no longer work in future releases of the JDK. Please add Mockito as an agent to your build what is described in Mockito's documentation: https://javadoc.io/doc/org.mockito/mockito-core/latest/org/mockito/Mockito.html#0.3
WARNING: A Java agent has been loaded dynamically (C:\Users\plzan\.m2\repository\net\bytebuddy\byte-buddy-agent\1.15.11\byte-buddy-agent-1.15.11.jar)
WARNING: If a serviceability tool is in use, please run with -XX:+EnableDynamicAgentLoading to hide this warning
WARNING: If a serviceability tool is not in use, please run with -Djdk.instrument.traceUsage for more information
WARNING: Dynamic loading of agents will be disallowed by default in a future release
]]></system-err>
  </testcase>
</testsuite>